<?xml version="1.0" encoding="UTF-8"?>
<!-- Generated by org.testng.reporters.JUnitReportReporter -->
<testsuite hostname="FNUs-Air.attlocal.net" failures="0" tests="1" name="com.seleniumTest.DragClass" time="10.747" errors="0" timestamp="2022-09-17T19:01:34 CDT" skipped="0">
  <testcase classname="com.seleniumTest.DragClass" name="test" time="10.747"/>
  <system-out/>
</testsuite> <!-- com.seleniumTest.DragClass -->
