<?xml version="1.0" encoding="UTF-8"?>
<!-- Generated by org.testng.reporters.JUnitReportReporter -->
<testsuite hostname="FNUs-Air.attlocal.net" failures="0" tests="1" name="com.seleniumTest.FacebookSignUp" time="9.404" errors="0" timestamp="2022-09-08T11:40:13 CDT" skipped="0">
  <testcase classname="com.seleniumTest.FacebookSignUp" name="testFacebookSignUp" time="9.404"/>
  <system-out/>
</testsuite> <!-- com.seleniumTest.FacebookSignUp -->
