<?xml version="1.0" encoding="UTF-8"?>
<!-- Generated by org.testng.reporters.JUnitReportReporter -->
<testsuite hostname="FNUs-Air.attlocal.net" failures="0" tests="1" name="com.seleniumTest.WindowsExample" time="6.737" errors="0" timestamp="2022-09-19T18:13:40 CDT" skipped="0">
  <testcase classname="com.seleniumTest.WindowsExample" name="test" time="6.737"/>
  <system-out/>
</testsuite> <!-- com.seleniumTest.WindowsExample -->
