<?xml version="1.0" encoding="UTF-8"?>
<!-- Generated by org.testng.reporters.JUnitReportReporter -->
<testsuite hostname="FNUs-Air.attlocal.net" failures="0" tests="1" name="com.seleniumTest.AlertPopUp" time="15.185" errors="0" timestamp="2022-09-19T17:20:16 CDT" skipped="0">
  <testcase classname="com.seleniumTest.AlertPopUp" name="test" time="15.185"/>
  <system-out/>
</testsuite> <!-- com.seleniumTest.AlertPopUp -->
