<?xml version="1.0" encoding="UTF-8"?>
<!-- Generated by org.testng.reporters.JUnitReportReporter -->
<testsuite hostname="FNUs-Air.home" failures="0" tests="1" name="com.testPom.DynamicLocator" time="37.880" errors="0" timestamp="2022-12-21T12:10:08 CST" skipped="0">
  <testcase classname="com.testPom.DynamicLocator" name="satisficelocator" time="37.880"/>
  <system-out/>
</testsuite> <!-- com.testPom.DynamicLocator -->
