<?xml version="1.0" encoding="UTF-8"?>
<!-- Generated by org.testng.reporters.JUnitReportReporter -->
<testsuite hostname="FNUs-Air.attlocal.net" failures="0" tests="1" name="com.seleniumTest.RadioButton" time="10.450" errors="0" timestamp="2022-10-09T01:12:29 CDT" skipped="0">
  <testcase classname="com.seleniumTest.RadioButton" name="testFacebookSignUp" time="10.450"/>
  <system-out/>
</testsuite> <!-- com.seleniumTest.RadioButton -->
