<?xml version="1.0" encoding="UTF-8"?>
<!-- Generated by org.testng.reporters.JUnitReportReporter -->
<testsuite hostname="FNUs-Air.attlocal.net" failures="0" tests="1" name="com.seleniumTest.dynamicElement" time="25.198" errors="0" timestamp="2022-09-28T17:02:12 CDT" skipped="0">
  <testcase classname="com.seleniumTest.dynamicElement" name="test" time="25.198"/>
  <system-out/>
</testsuite> <!-- com.seleniumTest.dynamicElement -->
