<?xml version="1.0" encoding="UTF-8"?>
<!-- Generated by org.testng.reporters.JUnitReportReporter -->
<testsuite hostname="FNUs-Air.attlocal.net" failures="0" tests="1" name="com.seleniumTest.ActionExample" time="13.021" errors="0" timestamp="2022-10-09T01:05:53 CDT" skipped="0">
  <testcase classname="com.seleniumTest.ActionExample" name="testFacebookSignUp" time="13.021"/>
  <system-out/>
</testsuite> <!-- com.seleniumTest.ActionExample -->
